<?xml version="1.0" encoding="UTF-8"?>
<!-- Generated by org.testng.reporters.JUnitReportReporter -->
<testsuite hostname="Aashish-PC" name="com.GoogleAssignment.Testcases.GmailTest" tests="4" failures="0" timestamp="3 Aug 2019 05:51:17 GMT" time="21.537" errors="0">
  <testcase name="CreateButtonTest" time="13.230" classname="com.GoogleAssignment.Testcases.GmailTest"/>
  <testcase name="TitleTest" time="2.833" classname="com.GoogleAssignment.Testcases.GmailTest"/>
  <testcase name="LogoTest" time="2.779" classname="com.GoogleAssignment.Testcases.GmailTest"/>
  <testcase name="SignInTest" time="2.695" classname="com.GoogleAssignment.Testcases.GmailTest"/>
</testsuite> <!-- com.GoogleAssignment.Testcases.GmailTest -->
