<?xml version="1.0" encoding="UTF-8"?>
<!-- Generated by org.testng.reporters.JUnitReportReporter -->
<testsuite hostname="Aashish-PC" name="com.GoogleAssignment.Testcases.MapPageTest" tests="8" failures="0" timestamp="16 Jul 2019 04:56:25 GMT" time="70.616" errors="0">
  <testcase name="ValidateMyLocationButton" time="10.074" classname="com.GoogleAssignment.Testcases.MapPageTest"/>
  <testcase name="ValidateDirection" time="6.913" classname="com.GoogleAssignment.Testcases.MapPageTest"/>
  <testcase name="ValidateMenu" time="8.639" classname="com.GoogleAssignment.Testcases.MapPageTest"/>
  <testcase name="ValidateSearchMapBox" time="7.030" classname="com.GoogleAssignment.Testcases.MapPageTest"/>
  <testcase name="TitleCheck" time="4.288" classname="com.GoogleAssignment.Testcases.MapPageTest"/>
  <testcase name="ValidateSearchClick" time="7.059" classname="com.GoogleAssignment.Testcases.MapPageTest"/>
  <testcase name="ValidateZoomOut" time="16.586" classname="com.GoogleAssignment.Testcases.MapPageTest"/>
  <testcase name="ValidateZoomIn" time="10.027" classname="com.GoogleAssignment.Testcases.MapPageTest"/>
</testsuite> <!-- com.GoogleAssignment.Testcases.MapPageTest -->
