<?xml version="1.0" encoding="UTF-8"?>
<!-- Generated by org.testng.reporters.JUnitReportReporter -->
<testsuite hostname="Aashish-PC" name="com.GoogleAssignment.Testcases.TestCase_007" tests="1" failures="0" timestamp="18 Jul 2019 05:41:57 GMT" time="9.506" errors="0">
  <testcase name="AllLinkCheck" time="9.506" classname="com.GoogleAssignment.Testcases.TestCase_007"/>
</testsuite> <!-- com.GoogleAssignment.Testcases.TestCase_007 -->
