<?xml version="1.0" encoding="UTF-8"?>
<!-- Generated by org.testng.reporters.JUnitReportReporter -->
<testsuite hostname="Aashish-PC" name="com.GoogleAssignment.Testcases.HomeTestCase" tests="4" failures="0" timestamp="3 Aug 2019 05:54:20 GMT" time="0.935" errors="0">
  <testcase name="VaidateSignInButton" time="0.415" classname="com.GoogleAssignment.Testcases.HomeTestCase"/>
  <testcase name="ValidateSearchButton" time="0.193" classname="com.GoogleAssignment.Testcases.HomeTestCase"/>
  <testcase name="ValidateLuckyButton" time="0.125" classname="com.GoogleAssignment.Testcases.HomeTestCase"/>
  <testcase name="ValidateSearchBox" time="0.202" classname="com.GoogleAssignment.Testcases.HomeTestCase"/>
</testsuite> <!-- com.GoogleAssignment.Testcases.HomeTestCase -->
