<?xml version="1.0" encoding="UTF-8"?>
<!-- Generated by org.testng.reporters.JUnitReportReporter -->
<testsuite hostname="Aashish-PC" name="com.GoogleAssignment.Testcases.LoginMyAccountTest_004" tests="2" failures="0" timestamp="3 Aug 2019 05:55:58 GMT" time="61.364" errors="0">
  <testcase name="LogOutAccount" time="39.981" classname="com.GoogleAssignment.Testcases.LoginMyAccountTest_004"/>
  <testcase name="LoginAccount" time="21.383" classname="com.GoogleAssignment.Testcases.LoginMyAccountTest_004"/>
</testsuite> <!-- com.GoogleAssignment.Testcases.LoginMyAccountTest_004 -->
