<?xml version="1.0" encoding="UTF-8"?>
<!-- Generated by org.testng.reporters.JUnitReportReporter -->
<testsuite hostname="Aashish-PC" name="com.GoogleAssignment.Testcases.TaseCases_008" tests="1" failures="0" timestamp="18 Jul 2019 06:20:00 GMT" time="24.568" errors="0">
  <testcase name="ProductVerify" time="24.568" classname="com.GoogleAssignment.Testcases.TaseCases_008"/>
</testsuite> <!-- com.GoogleAssignment.Testcases.TaseCases_008 -->
