<?xml version="1.0" encoding="UTF-8"?>
<!-- Generated by org.testng.reporters.JUnitReportReporter -->
<testsuite hostname="Aashish-PC" name="com.GoogleAssignment.Testcases.MyAccountTest" tests="1" failures="0" timestamp="3 Aug 2019 06:06:30 GMT" time="5.194" errors="0">
  <testcase name="ValidateMyAccount" time="5.194" classname="com.GoogleAssignment.Testcases.MyAccountTest"/>
</testsuite> <!-- com.GoogleAssignment.Testcases.MyAccountTest -->
