<?xml version="1.0" encoding="UTF-8"?>
<!-- Generated by org.testng.reporters.JUnitReportReporter -->
<testsuite hostname="Aashish-PC" name="com.GoogleAssignment.Testcases.NewsPageTest" tests="3" failures="0" timestamp="3 Aug 2019 09:26:08 GMT" time="52.585" errors="0">
  <testcase name="LogoTest" time="18.840" classname="com.GoogleAssignment.Testcases.NewsPageTest"/>
  <testcase name="TopStoriesTest" time="18.156" classname="com.GoogleAssignment.Testcases.NewsPageTest"/>
  <testcase name="TitleTest" time="15.589" classname="com.GoogleAssignment.Testcases.NewsPageTest"/>
</testsuite> <!-- com.GoogleAssignment.Testcases.NewsPageTest -->
