<?xml version="1.0" encoding="UTF-8"?>
<!-- Generated by org.testng.reporters.JUnitReportReporter -->
<testsuite hostname="Aashish-PC" name="com.GoogleAssignment.Testcases.SearchPageTest" tests="3" failures="0" timestamp="3 Aug 2019 06:54:39 GMT" time="10.004" errors="0">
  <testcase name="ValidateSearchBox" time="3.346" classname="com.GoogleAssignment.Testcases.SearchPageTest"/>
  <testcase name="ValidateLuckyButton" time="5.252" classname="com.GoogleAssignment.Testcases.SearchPageTest"/>
  <testcase name="ValidateSearchButton" time="1.406" classname="com.GoogleAssignment.Testcases.SearchPageTest"/>
</testsuite> <!-- com.GoogleAssignment.Testcases.SearchPageTest -->
