<?xml version="1.0" encoding="UTF-8"?>
<!-- Generated by org.testng.reporters.JUnitReportReporter -->
<testsuite hostname="Aashish-PC" name="com.GoogleAssignment.Testcases.TestCase_005" tests="2" failures="0" timestamp="17 Jul 2019 12:45:46 GMT" time="15.043" errors="0">
  <testcase name="TestMarathiLink" time="7.346" classname="com.GoogleAssignment.Testcases.TestCase_005"/>
  <testcase name="TestHindiLink" time="7.697" classname="com.GoogleAssignment.Testcases.TestCase_005"/>
</testsuite> <!-- com.GoogleAssignment.Testcases.TestCase_005 -->
