<?xml version="1.0" encoding="UTF-8"?>
<!-- Generated by org.testng.reporters.JUnitReportReporter -->
<testsuite hostname="Aashish-PC" name="com.GoogleAssignment.Testcases.PhotoPageTest" tests="3" failures="0" timestamp="3 Aug 2019 09:00:33 GMT" time="26.524" errors="0">
  <testcase name="PhotoLogoTest" time="18.987" classname="com.GoogleAssignment.Testcases.PhotoPageTest"/>
  <testcase name="ValidateGoTOPhotoButton" time="4.260" classname="com.GoogleAssignment.Testcases.PhotoPageTest"/>
  <testcase name="TitleTest" time="3.277" classname="com.GoogleAssignment.Testcases.PhotoPageTest"/>
</testsuite> <!-- com.GoogleAssignment.Testcases.PhotoPageTest -->
