<?xml version="1.0" encoding="UTF-8"?>
<!-- Generated by org.testng.reporters.JUnitReportReporter -->
<testsuite hostname="Aashish-PC" name="com.GoogleAssignment.Testcases.GoogleDriveTest" tests="4" failures="0" timestamp="3 Aug 2019 05:53:21 GMT" time="24.838" errors="0">
  <testcase name="DriveLogoTest" time="7.546" classname="com.GoogleAssignment.Testcases.GoogleDriveTest"/>
  <testcase name="TitleTest" time="6.354" classname="com.GoogleAssignment.Testcases.GoogleDriveTest"/>
  <testcase name="ValidateUsingDrive" time="4.850" classname="com.GoogleAssignment.Testcases.GoogleDriveTest"/>
  <testcase name="ValidateMeatDrive" time="6.088" classname="com.GoogleAssignment.Testcases.GoogleDriveTest"/>
</testsuite> <!-- com.GoogleAssignment.Testcases.GoogleDriveTest -->
